/*C9*/SET SCHEMA PUBLIC
INSERT INTO STOCKITEM VALUES(23,'Cigarettes',50.00000000000000000000000000000000,10,'Marlboro')
COMMIT
INSERT INTO STOCKITEM VALUES(24,'Cigarettes',50.00000000000000000000000000000000,15,'Marlboro')
COMMIT
INSERT INTO STOCKITEM VALUES(25,'Cigarettes',50.00000000000000000000000000000000,10,'Marlboro')
COMMIT
INSERT INTO STOCKITEM VALUES(26,'Sfdsd',50.00000000000000000000000000000000,15,'Sfd')
COMMIT
INSERT INTO STOCKITEM VALUES(27,'Cigarettes',50.00000000000000000000000000000000,10,'Marlboro')
COMMIT
INSERT INTO STOCKITEM VALUES(28,'Juustukukkel',2.50000000000000000000000000000000,6,'Nisutoode')
COMMIT
INSERT INTO STOCKITEM VALUES(29,'Juustukukkel',2.50000000000000000000000000000000,6,'Nisutoode')
COMMIT
DISCONNECT
/*C10*/SET SCHEMA PUBLIC
INSERT INTO STOCKITEM VALUES(30,'Cigarettes',50.00000000000000000000000000000000,10,'Marlboro')
COMMIT
INSERT INTO STOCKITEM VALUES(31,'Sfdsd',50.00000000000000000000000000000000,15,'Sfd')
COMMIT
INSERT INTO STOCKITEM VALUES(32,'Cigarettes',50.00000000000000000000000000000000,10,'Marlboro')
COMMIT
INSERT INTO STOCKITEM VALUES(33,'Juustukukkel',2.50000000000000000000000000000000,6,'Nisutoode')
COMMIT
INSERT INTO STOCKITEM VALUES(34,'Juustukukkel',2.50000000000000000000000000000000,6,'Nisutoode')
COMMIT
INSERT INTO STOCKITEM VALUES(35,'Cigarettes',50.00000000000000000000000000000000,10,'Marlboro')
COMMIT
INSERT INTO STOCKITEM VALUES(36,'Cigarettes',50.00000000000000000000000000000000,15,'Marlboro')
COMMIT
DISCONNECT
/*C11*/SET SCHEMA PUBLIC
INSERT INTO STOCKITEM VALUES(37,'Juustukukkel',2.50000000000000000000000000000000,6,'Nisutoode')
COMMIT
INSERT INTO STOCKITEM VALUES(38,'Cigarettes',50.00000000000000000000000000000000,10,'Marlboro')
COMMIT
INSERT INTO STOCKITEM VALUES(39,'Cigarettes',50.00000000000000000000000000000000,15,'Marlboro')
COMMIT
INSERT INTO STOCKITEM VALUES(40,'Cigarettes',50.00000000000000000000000000000000,10,'Marlboro')
COMMIT
INSERT INTO STOCKITEM VALUES(41,'Sfdsd',50.00000000000000000000000000000000,15,'Sfd')
COMMIT
INSERT INTO STOCKITEM VALUES(42,'Cigarettes',50.00000000000000000000000000000000,10,'Marlboro')
COMMIT
INSERT INTO STOCKITEM VALUES(43,'Juustukukkel',2.50000000000000000000000000000000,6,'Nisutoode')
COMMIT
DISCONNECT
/*C12*/SET SCHEMA PUBLIC
INSERT INTO STOCKITEM VALUES(44,'Juustukukkel',2.50000000000000000000000000000000,6,'Nisutoode')
COMMIT
INSERT INTO STOCKITEM VALUES(45,'Suvaline tootegrupp',100.00000000000000000000000000000000,25,'Suvaline toode')
COMMIT
INSERT INTO STOCKITEM VALUES(46,'Suvaline tootegrupp',50.00000000000000000000000000000000,30,'Suvaline toode')
COMMIT
INSERT INTO STOCKITEM VALUES(47,'Cigarettes',50.00000000000000000000000000000000,10,'Marlboro')
COMMIT
INSERT INTO STOCKITEM VALUES(48,'Sfdsd',50.00000000000000000000000000000000,15,'Sfd')
COMMIT
INSERT INTO STOCKITEM VALUES(49,'Cigarettes',50.00000000000000000000000000000000,10,'Marlboro')
COMMIT
INSERT INTO STOCKITEM VALUES(50,'Juustukukkel',2.50000000000000000000000000000000,6,'Nisutoode')
COMMIT
DISCONNECT
/*C13*/SET SCHEMA PUBLIC
INSERT INTO STOCKITEM VALUES(51,'Suvaline tootegrupp',100.00000000000000000000000000000000,25,'Suvaline toode')
COMMIT
INSERT INTO STOCKITEM VALUES(52,'Suvaline tootegrupp',50.00000000000000000000000000000000,30,'Suvaline toode')
COMMIT
INSERT INTO STOCKITEM VALUES(53,'Cigarettes',50.00000000000000000000000000000000,10,'Marlboro')
COMMIT
INSERT INTO STOCKITEM VALUES(54,'Sfdsd',50.00000000000000000000000000000000,15,'Sfd')
COMMIT
INSERT INTO STOCKITEM VALUES(55,'Cigarettes',50.00000000000000000000000000000000,10,'Marlboro')
COMMIT
INSERT INTO STOCKITEM VALUES(56,'Juustukukkel',2.50000000000000000000000000000000,6,'Nisutoode')
COMMIT
INSERT INTO STOCKITEM VALUES(57,'Juustukukkel',2.50000000000000000000000000000000,6,'Nisutoode')
COMMIT
DISCONNECT
/*C14*/SET SCHEMA PUBLIC
INSERT INTO STOCKITEM VALUES(58,'Cigarettes',50.00000000000000000000000000000000,10,'Marlboro')
COMMIT
INSERT INTO STOCKITEM VALUES(59,'Sfdsd',50.00000000000000000000000000000000,15,'Sfd')
COMMIT
INSERT INTO STOCKITEM VALUES(60,'Cigarettes',50.00000000000000000000000000000000,10,'Marlboro')
COMMIT
INSERT INTO STOCKITEM VALUES(61,'Juustukukkel',2.50000000000000000000000000000000,6,'Nisutoode')
COMMIT
INSERT INTO STOCKITEM VALUES(62,'Suvaline toode',100.00000000000000000000000000000000,25,'Suvaline toode')
COMMIT
INSERT INTO STOCKITEM VALUES(63,'Suvaline toode',50.00000000000000000000000000000000,30,'Suvaline toode')
COMMIT
INSERT INTO STOCKITEM VALUES(64,'Juustukukkel',2.50000000000000000000000000000000,6,'Nisutoode')
COMMIT
DISCONNECT
/*C15*/SET SCHEMA PUBLIC
INSERT INTO STOCKITEM VALUES(65,'Juustukukkel',2.50000000000000000000000000000000,6,'Nisutoode')
COMMIT
INSERT INTO STOCKITEM VALUES(66,'Cigarettes',50.00000000000000000000000000000000,10,'Marlboro')
COMMIT
INSERT INTO STOCKITEM VALUES(67,'Sfdsd',50.00000000000000000000000000000000,15,'Sfd')
COMMIT
INSERT INTO STOCKITEM VALUES(68,'Cigarettes',50.00000000000000000000000000000000,10,'Marlboro')
COMMIT
INSERT INTO STOCKITEM VALUES(69,'Juustukukkel',2.50000000000000000000000000000000,6,'Nisutoode')
COMMIT
INSERT INTO STOCKITEM VALUES(70,'Suvaline toode',100.00000000000000000000000000000000,25,'Suvaline tootegrupp')
COMMIT
INSERT INTO STOCKITEM VALUES(71,'Suvaline toode',50.00000000000000000000000000000000,30,'Suvaline tootegrupp')
COMMIT
DISCONNECT
/*C16*/SET SCHEMA PUBLIC
INSERT INTO STOCKITEM VALUES(72,'Juustukukkel',2.50000000000000000000000000000000,6,'Nisutoode')
COMMIT
INSERT INTO STOCKITEM VALUES(73,'Suvaline toode',100.00000000000000000000000000000000,25,'Suvaline tootegrupp')
COMMIT
INSERT INTO STOCKITEM VALUES(74,'Suvaline toode',50.00000000000000000000000000000000,30,'Suvaline tootegrupp')
COMMIT
INSERT INTO STOCKITEM VALUES(75,'Suvaline toode',100.00000000000000000000000000000000,25,'Suvaline tootegrupp')
COMMIT
INSERT INTO STOCKITEM VALUES(76,'Suvaline toode2',50.00000000000000000000000000000000,30,'Suvaline tootegrupp2')
COMMIT
INSERT INTO STOCKITEM VALUES(77,'Cigarettes',50.00000000000000000000000000000000,10,'Marlboro')
COMMIT
INSERT INTO STOCKITEM VALUES(78,'Juustukukkel',2.50000000000000000000000000000000,6,'Nisutoode')
COMMIT
DISCONNECT
/*C17*/SET SCHEMA PUBLIC
INSERT INTO STOCKITEM VALUES(79,'Suvaline toode',100.00000000000000000000000000000000,25,'Suvaline tootegrupp')
COMMIT
INSERT INTO STOCKITEM VALUES(80,'Suvaline toode',50.00000000000000000000000000000000,30,'Suvaline tootegrupp')
COMMIT
INSERT INTO STOCKITEM VALUES(81,'Suvaline toode',100.00000000000000000000000000000000,25,'Suvaline tootegrupp')
COMMIT
INSERT INTO STOCKITEM VALUES(82,'Suvaline toode2',50.00000000000000000000000000000000,30,'Suvaline tootegrupp2')
COMMIT
INSERT INTO STOCKITEM VALUES(83,'Cigarettes',50.00000000000000000000000000000000,10,'Marlboro')
COMMIT
INSERT INTO STOCKITEM VALUES(84,'Juustukukkel',2.50000000000000000000000000000000,6,'Nisutoode')
COMMIT
INSERT INTO STOCKITEM VALUES(85,'Juustukukkel',2.50000000000000000000000000000000,6,'Nisutoode')
COMMIT
DISCONNECT
/*C18*/SET SCHEMA PUBLIC
INSERT INTO STOCKITEM VALUES(86,'Suvaline toode',100.00000000000000000000000000000000,25,'Suvaline tootegrupp')
COMMIT
INSERT INTO STOCKITEM VALUES(87,'Suvaline toode2',50.00000000000000000000000000000000,30,'Suvaline tootegrupp2')
COMMIT
INSERT INTO STOCKITEM VALUES(88,'Cigarettes',50.00000000000000000000000000000000,10,'Marlboro')
COMMIT
INSERT INTO STOCKITEM VALUES(89,'Juustukukkel',2.50000000000000000000000000000000,6,'Nisutoode')
COMMIT
INSERT INTO STOCKITEM VALUES(90,'Suvaline toode',100.00000000000000000000000000000000,25,'Suvaline tootegrupp')
COMMIT
INSERT INTO STOCKITEM VALUES(91,'Suvaline toode',50.00000000000000000000000000000000,30,'Suvaline tootegrupp')
COMMIT
INSERT INTO STOCKITEM VALUES(92,'Juustukukkel',2.50000000000000000000000000000000,6,'Nisutoode')
COMMIT
DISCONNECT
/*C19*/SET SCHEMA PUBLIC
INSERT INTO STOCKITEM VALUES(93,'Suvaline toode',100.00000000000000000000000000000000,25,'Suvaline tootegrupp')
COMMIT
INSERT INTO STOCKITEM VALUES(94,'Suvaline toode2',50.00000000000000000000000000000000,30,'Suvaline tootegrupp2')
COMMIT
INSERT INTO STOCKITEM VALUES(95,'Suvaline toode',100.00000000000000000000000000000000,25,'Suvaline tootegrupp')
COMMIT
INSERT INTO STOCKITEM VALUES(96,'Juustukukkel',2.50000000000000000000000000000000,6,'Nisutoode')
COMMIT
INSERT INTO STOCKITEM VALUES(97,'Juustukukkel',2.50000000000000000000000000000000,6,'Nisutoode')
COMMIT
INSERT INTO STOCKITEM VALUES(98,'Suvaline toode',100.00000000000000000000000000000000,25,'Suvaline tootegrupp')
COMMIT
INSERT INTO STOCKITEM VALUES(99,'Suvaline toode',50.00000000000000000000000000000000,30,'Suvaline tootegrupp')
COMMIT
DISCONNECT
/*C20*/SET SCHEMA PUBLIC
INSERT INTO STOCKITEM VALUES(100,'Odav toode',0.50000000000000000000000000000000,10,'Odavad tooted')
COMMIT
INSERT INTO STOCKITEM VALUES(101,'Suvaline toode',100.00000000000000000000000000000000,25,'Suvaline tootegrupp')
COMMIT
INSERT INTO STOCKITEM VALUES(102,'Suvaline toode',50.00000000000000000000000000000000,30,'Suvaline tootegrupp')
COMMIT
INSERT INTO STOCKITEM VALUES(103,'Suvaline toode',100.00000000000000000000000000000000,25,'Suvaline tootegrupp')
COMMIT
INSERT INTO STOCKITEM VALUES(104,'Odav toode',0.50000000000000000000000000000000,10,'Odavad tooted')
COMMIT
INSERT INTO STOCKITEM VALUES(105,'Suvaline toode',100.00000000000000000000000000000000,25,'Suvaline tootegrupp')
COMMIT
INSERT INTO STOCKITEM VALUES(106,'Suvaline toode2',50.00000000000000000000000000000000,30,'Suvaline tootegrupp2')
COMMIT
DISCONNECT
/*C21*/SET SCHEMA PUBLIC
INSERT INTO STOCKITEM VALUES(107,'Suvaline toode',100.00000000000000000000000000000000,25,'Suvaline tootegrupp')
COMMIT
INSERT INTO STOCKITEM VALUES(108,'Suvaline toode',50.00000000000000000000000000000000,30,'Suvaline tootegrupp')
COMMIT
INSERT INTO STOCKITEM VALUES(109,'Odav toode',0.50000000000000000000000000000000,10,'Odavad tooted')
COMMIT
INSERT INTO STOCKITEM VALUES(110,'Suvaline toode',100.00000000000000000000000000000000,25,'Suvaline tootegrupp')
COMMIT
INSERT INTO STOCKITEM VALUES(111,'Odav toode',0.50000000000000000000000000000000,10,'Odavad tooted')
COMMIT
INSERT INTO STOCKITEM VALUES(112,'Suvaline toode',100.00000000000000000000000000000000,25,'Suvaline tootegrupp')
COMMIT
DISCONNECT
/*C22*/SET SCHEMA PUBLIC
INSERT INTO STOCKITEM VALUES(113,'Suvaline toode',100.00000000000000000000000000000000,25,'Suvaline tootegrupp')
COMMIT
INSERT INTO STOCKITEM VALUES(114,'Suvaline toode',50.00000000000000000000000000000000,30,'Suvaline tootegrupp')
COMMIT
INSERT INTO STOCKITEM VALUES(115,'Odav toode',0.50000000000000000000000000000000,10,'Odavad tooted')
COMMIT
INSERT INTO STOCKITEM VALUES(116,'Suvaline toode',100.00000000000000000000000000000000,25,'Suvaline tootegrupp')
COMMIT
INSERT INTO STOCKITEM VALUES(117,'Odav toode',0.50000000000000000000000000000000,10,'Odavad tooted')
COMMIT
INSERT INTO STOCKITEM VALUES(118,'Suvaline toode',100.00000000000000000000000000000000,25,'Suvaline tootegrupp')
COMMIT
INSERT INTO STOCKITEM VALUES(119,'Suvaline toode2',50.00000000000000000000000000000000,30,'Suvaline tootegrupp2')
COMMIT
DISCONNECT
/*C23*/SET SCHEMA PUBLIC
INSERT INTO STOCKITEM VALUES(120,'Odav toode',0.50000000000000000000000000000000,10,'Odavad tooted')
COMMIT
INSERT INTO STOCKITEM VALUES(121,'Suvaline toode',100.00000000000000000000000000000000,25,'Suvaline tootegrupp')
COMMIT
INSERT INTO STOCKITEM VALUES(122,'Suvaline toode',50.00000000000000000000000000000000,30,'Suvaline tootegrupp')
COMMIT
INSERT INTO STOCKITEM VALUES(123,'Suvaline toode',100.00000000000000000000000000000000,25,'Suvaline tootegrupp')
COMMIT
INSERT INTO STOCKITEM VALUES(124,'Odav toode',0.50000000000000000000000000000000,10,'Odavad tooted')
COMMIT
INSERT INTO STOCKITEM VALUES(125,'Suvaline toode',100.00000000000000000000000000000000,25,'Suvaline tootegrupp')
COMMIT
INSERT INTO STOCKITEM VALUES(126,'Suvaline toode2',50.00000000000000000000000000000000,30,'Suvaline tootegrupp2')
COMMIT
DISCONNECT
/*C24*/SET SCHEMA PUBLIC
INSERT INTO STOCKITEM VALUES(127,'Odav toode',0.50000000000000000000000000000000,10,'Odavad tooted')
COMMIT
INSERT INTO STOCKITEM VALUES(128,'Suvaline toode',100.00000000000000000000000000000000,25,'Suvaline tootegrupp')
COMMIT
INSERT INTO STOCKITEM VALUES(129,'Suvaline toode',50.00000000000000000000000000000000,30,'Suvaline tootegrupp')
COMMIT
INSERT INTO STOCKITEM VALUES(130,'Suvaline toode',100.00000000000000000000000000000000,25,'Suvaline tootegrupp')
COMMIT
INSERT INTO STOCKITEM VALUES(131,'Odav toode',0.50000000000000000000000000000000,10,'Odavad tooted')
COMMIT
INSERT INTO STOCKITEM VALUES(132,'Suvaline toode',100.00000000000000000000000000000000,25,'Suvaline tootegrupp')
COMMIT
INSERT INTO STOCKITEM VALUES(133,'Suvaline toode2',50.00000000000000000000000000000000,30,'Suvaline tootegrupp2')
COMMIT
DISCONNECT
/*C25*/SET SCHEMA PUBLIC
INSERT INTO SALES VALUES(8,'2013-11-24 22:25:46.253000+2:00',56.00000000000000000000000000000000)
COMMIT
INSERT INTO SOLDITEM VALUES(21,8,6,'Cheesecake',4,12.50000000000000000000000000000000)
COMMIT
INSERT INTO SOLDITEM VALUES(22,8,7,'Cake',3,2.00000000000000000000000000000000)
COMMIT
DISCONNECT
